Copyright 1986-2017 Xilinx, Inc. All Rights Reserved.
-------------------------------------------------------------------------------------------------------------------------------------------------------
| Tool Version : Vivado v.2017.4 (win64) Build 2086221 Fri Dec 15 20:55:39 MST 2017
| Date         : Sun Dec 31 12:09:57 2023
| Host         : LAPTOP-I606K2C4 running 64-bit major release  (build 9200)
| Command      : report_timing_summary -max_paths 10 -file DemoTop_timing_summary_routed.rpt -rpx DemoTop_timing_summary_routed.rpx -warn_on_violation
| Design       : DemoTop
| Device       : 7a35t-csg324
| Speed File   : -1  PRODUCTION 1.20 2017-11-01
-------------------------------------------------------------------------------------------------------------------------------------------------------

Timing Summary Report

------------------------------------------------------------------------------------------------
| Timer Settings
| --------------
------------------------------------------------------------------------------------------------

  Enable Multi Corner Analysis               :  Yes
  Enable Pessimism Removal                   :  Yes
  Pessimism Removal Resolution               :  Nearest Common Node
  Enable Input Delay Default Clock           :  No
  Enable Preset / Clear Arcs                 :  No
  Disable Flight Delays                      :  No
  Ignore I/O Paths                           :  No
  Timing Early Launch at Borrowing Latches   :  false

  Corner  Analyze    Analyze    
  Name    Max Paths  Min Paths  
  ------  ---------  ---------  
  Slow    Yes        Yes        
  Fast    Yes        Yes        



check_timing report

Table of Contents
-----------------
1. checking no_clock
2. checking constant_clock
3. checking pulse_width_clock
4. checking unconstrained_internal_endpoints
5. checking no_input_delay
6. checking no_output_delay
7. checking multiple_clock
8. checking generated_clocks
9. checking loops
10. checking partial_input_delay
11. checking partial_output_delay
12. checking latch_loops

1. checking no_clock
--------------------
 There are 9 register/latch pins with no clock driven by root clock pin: button[0] (HIGH)

 There are 9 register/latch pins with no clock driven by root clock pin: button[1] (HIGH)

 There are 7 register/latch pins with no clock driven by root clock pin: button[2] (HIGH)

 There are 7 register/latch pins with no clock driven by root clock pin: button[3] (HIGH)

 There are 7 register/latch pins with no clock driven by root clock pin: button[4] (HIGH)

 There are 141 register/latch pins with no clock driven by root clock pin: clk (HIGH)

 There are 13 register/latch pins with no clock driven by root clock pin: rst_n (HIGH)

 There are 9 register/latch pins with no clock driven by root clock pin: switches[0] (HIGH)

 There are 9 register/latch pins with no clock driven by root clock pin: switches[1] (HIGH)

 There are 9 register/latch pins with no clock driven by root clock pin: switches[2] (HIGH)

 There are 9 register/latch pins with no clock driven by root clock pin: switches[3] (HIGH)

 There are 9 register/latch pins with no clock driven by root clock pin: switches[4] (HIGH)

 There are 9 register/latch pins with no clock driven by root clock pin: switches[5] (HIGH)

 There are 9 register/latch pins with no clock driven by root clock pin: switches[6] (HIGH)

 There are 9 register/latch pins with no clock driven by root clock pin: switches[7] (HIGH)

 There are 57 register/latch pins with no clock driven by root clock pin: clock/slow_clk_reg/Q (HIGH)

 There are 16 register/latch pins with no clock driven by root clock pin: clock/tube_clk_reg/Q (HIGH)

 There are 63 register/latch pins with no clock driven by root clock pin: clock/uart_clk_reg/Q (HIGH)

 There are 9 register/latch pins with no clock driven by root clock pin: func/state_reg[0]/Q (HIGH)

 There are 9 register/latch pins with no clock driven by root clock pin: func/state_reg[1]/Q (HIGH)

 There are 18 register/latch pins with no clock driven by root clock pin: receiver/signal_reg[0]/Q (HIGH)

 There are 18 register/latch pins with no clock driven by root clock pin: receiver/signal_reg[1]/Q (HIGH)

 There are 8 register/latch pins with no clock driven by root clock pin: receiver/signal_reg[2]/Q (HIGH)

 There are 18 register/latch pins with no clock driven by root clock pin: receiver/signal_reg[3]/Q (HIGH)

 There are 29 register/latch pins with no clock driven by root clock pin: scriptMode/func_reg[0]/Q (HIGH)

 There are 29 register/latch pins with no clock driven by root clock pin: scriptMode/func_reg[1]/Q (HIGH)

 There are 9 register/latch pins with no clock driven by root clock pin: scriptMode/movement_reg[0]/Q (HIGH)

 There are 9 register/latch pins with no clock driven by root clock pin: scriptMode/movement_reg[1]/Q (HIGH)

 There are 7 register/latch pins with no clock driven by root clock pin: scriptMode/movement_reg[2]/Q (HIGH)

 There are 7 register/latch pins with no clock driven by root clock pin: scriptMode/movement_reg[3]/Q (HIGH)

 There are 7 register/latch pins with no clock driven by root clock pin: scriptMode/movement_reg[4]/Q (HIGH)

 There are 29 register/latch pins with no clock driven by root clock pin: scriptMode/op_code_reg[0]/Q (HIGH)

 There are 29 register/latch pins with no clock driven by root clock pin: scriptMode/op_code_reg[1]/Q (HIGH)

 There are 29 register/latch pins with no clock driven by root clock pin: scriptMode/op_code_reg[2]/Q (HIGH)

 There are 9 register/latch pins with no clock driven by root clock pin: scriptMode/out/state_reg[0]/Q (HIGH)

 There are 9 register/latch pins with no clock driven by root clock pin: scriptMode/out/state_reg[1]/Q (HIGH)

 There are 9 register/latch pins with no clock driven by root clock pin: scriptMode/place_reg[0]/Q (HIGH)

 There are 9 register/latch pins with no clock driven by root clock pin: scriptMode/place_reg[1]/Q (HIGH)

 There are 9 register/latch pins with no clock driven by root clock pin: scriptMode/place_reg[2]/Q (HIGH)

 There are 9 register/latch pins with no clock driven by root clock pin: scriptMode/place_reg[3]/Q (HIGH)

 There are 9 register/latch pins with no clock driven by root clock pin: scriptMode/place_reg[4]/Q (HIGH)

 There are 9 register/latch pins with no clock driven by root clock pin: scriptMode/place_reg[5]/Q (HIGH)

 There are 9 register/latch pins with no clock driven by root clock pin: scriptMode/place_reg[6]/Q (HIGH)

 There are 9 register/latch pins with no clock driven by root clock pin: scriptMode/place_reg[7]/Q (HIGH)

 There are 84 register/latch pins with no clock driven by root clock pin: scriptMode/s_clk_reg/Q (HIGH)

 There are 15 register/latch pins with no clock driven by root clock pin: script_mem_module/ram_module/U0/inst_blk_mem_gen/gnbram.gnativebmg.native_blk_mem_gen/valid.cstr/ramloop[0].ram.r/prim_noinit.ram/DEVICE_7SERIES.NO_BMM_INFO.SP.SIMPLE_PRIM18.ram/DOADO[0] (HIGH)

 There are 15 register/latch pins with no clock driven by root clock pin: script_mem_module/ram_module/U0/inst_blk_mem_gen/gnbram.gnativebmg.native_blk_mem_gen/valid.cstr/ramloop[0].ram.r/prim_noinit.ram/DEVICE_7SERIES.NO_BMM_INFO.SP.SIMPLE_PRIM18.ram/DOADO[10] (HIGH)

 There are 15 register/latch pins with no clock driven by root clock pin: script_mem_module/ram_module/U0/inst_blk_mem_gen/gnbram.gnativebmg.native_blk_mem_gen/valid.cstr/ramloop[0].ram.r/prim_noinit.ram/DEVICE_7SERIES.NO_BMM_INFO.SP.SIMPLE_PRIM18.ram/DOADO[11] (HIGH)

 There are 15 register/latch pins with no clock driven by root clock pin: script_mem_module/ram_module/U0/inst_blk_mem_gen/gnbram.gnativebmg.native_blk_mem_gen/valid.cstr/ramloop[0].ram.r/prim_noinit.ram/DEVICE_7SERIES.NO_BMM_INFO.SP.SIMPLE_PRIM18.ram/DOADO[12] (HIGH)

 There are 15 register/latch pins with no clock driven by root clock pin: script_mem_module/ram_module/U0/inst_blk_mem_gen/gnbram.gnativebmg.native_blk_mem_gen/valid.cstr/ramloop[0].ram.r/prim_noinit.ram/DEVICE_7SERIES.NO_BMM_INFO.SP.SIMPLE_PRIM18.ram/DOADO[13] (HIGH)

 There are 15 register/latch pins with no clock driven by root clock pin: script_mem_module/ram_module/U0/inst_blk_mem_gen/gnbram.gnativebmg.native_blk_mem_gen/valid.cstr/ramloop[0].ram.r/prim_noinit.ram/DEVICE_7SERIES.NO_BMM_INFO.SP.SIMPLE_PRIM18.ram/DOADO[14] (HIGH)

 There are 15 register/latch pins with no clock driven by root clock pin: script_mem_module/ram_module/U0/inst_blk_mem_gen/gnbram.gnativebmg.native_blk_mem_gen/valid.cstr/ramloop[0].ram.r/prim_noinit.ram/DEVICE_7SERIES.NO_BMM_INFO.SP.SIMPLE_PRIM18.ram/DOADO[15] (HIGH)

 There are 15 register/latch pins with no clock driven by root clock pin: script_mem_module/ram_module/U0/inst_blk_mem_gen/gnbram.gnativebmg.native_blk_mem_gen/valid.cstr/ramloop[0].ram.r/prim_noinit.ram/DEVICE_7SERIES.NO_BMM_INFO.SP.SIMPLE_PRIM18.ram/DOADO[1] (HIGH)

 There are 15 register/latch pins with no clock driven by root clock pin: script_mem_module/ram_module/U0/inst_blk_mem_gen/gnbram.gnativebmg.native_blk_mem_gen/valid.cstr/ramloop[0].ram.r/prim_noinit.ram/DEVICE_7SERIES.NO_BMM_INFO.SP.SIMPLE_PRIM18.ram/DOADO[2] (HIGH)

 There are 15 register/latch pins with no clock driven by root clock pin: script_mem_module/ram_module/U0/inst_blk_mem_gen/gnbram.gnativebmg.native_blk_mem_gen/valid.cstr/ramloop[0].ram.r/prim_noinit.ram/DEVICE_7SERIES.NO_BMM_INFO.SP.SIMPLE_PRIM18.ram/DOADO[3] (HIGH)

 There are 15 register/latch pins with no clock driven by root clock pin: script_mem_module/ram_module/U0/inst_blk_mem_gen/gnbram.gnativebmg.native_blk_mem_gen/valid.cstr/ramloop[0].ram.r/prim_noinit.ram/DEVICE_7SERIES.NO_BMM_INFO.SP.SIMPLE_PRIM18.ram/DOADO[4] (HIGH)

 There are 15 register/latch pins with no clock driven by root clock pin: script_mem_module/ram_module/U0/inst_blk_mem_gen/gnbram.gnativebmg.native_blk_mem_gen/valid.cstr/ramloop[0].ram.r/prim_noinit.ram/DEVICE_7SERIES.NO_BMM_INFO.SP.SIMPLE_PRIM18.ram/DOADO[5] (HIGH)

 There are 15 register/latch pins with no clock driven by root clock pin: script_mem_module/ram_module/U0/inst_blk_mem_gen/gnbram.gnativebmg.native_blk_mem_gen/valid.cstr/ramloop[0].ram.r/prim_noinit.ram/DEVICE_7SERIES.NO_BMM_INFO.SP.SIMPLE_PRIM18.ram/DOADO[6] (HIGH)

 There are 15 register/latch pins with no clock driven by root clock pin: script_mem_module/ram_module/U0/inst_blk_mem_gen/gnbram.gnativebmg.native_blk_mem_gen/valid.cstr/ramloop[0].ram.r/prim_noinit.ram/DEVICE_7SERIES.NO_BMM_INFO.SP.SIMPLE_PRIM18.ram/DOADO[7] (HIGH)

 There are 15 register/latch pins with no clock driven by root clock pin: script_mem_module/ram_module/U0/inst_blk_mem_gen/gnbram.gnativebmg.native_blk_mem_gen/valid.cstr/ramloop[0].ram.r/prim_noinit.ram/DEVICE_7SERIES.NO_BMM_INFO.SP.SIMPLE_PRIM18.ram/DOADO[8] (HIGH)

 There are 15 register/latch pins with no clock driven by root clock pin: script_mem_module/ram_module/U0/inst_blk_mem_gen/gnbram.gnativebmg.native_blk_mem_gen/valid.cstr/ramloop[0].ram.r/prim_noinit.ram/DEVICE_7SERIES.NO_BMM_INFO.SP.SIMPLE_PRIM18.ram/DOADO[9] (HIGH)

 There are 28 register/latch pins with no clock driven by root clock pin: script_mem_module/script_cnt_reg[0]/Q (HIGH)

 There are 28 register/latch pins with no clock driven by root clock pin: script_mem_module/script_cnt_reg[1]/Q (HIGH)

 There are 28 register/latch pins with no clock driven by root clock pin: script_mem_module/script_cnt_reg[2]/Q (HIGH)

 There are 28 register/latch pins with no clock driven by root clock pin: script_mem_module/script_cnt_reg[3]/Q (HIGH)

 There are 28 register/latch pins with no clock driven by root clock pin: script_mem_module/script_cnt_reg[4]/Q (HIGH)

 There are 28 register/latch pins with no clock driven by root clock pin: script_mem_module/script_cnt_reg[5]/Q (HIGH)

 There are 28 register/latch pins with no clock driven by root clock pin: script_mem_module/script_cnt_reg[6]/Q (HIGH)

 There are 28 register/latch pins with no clock driven by root clock pin: script_mem_module/script_cnt_reg[7]/Q (HIGH)

 There are 28 register/latch pins with no clock driven by root clock pin: script_mem_module/script_size_reg[0]/Q (HIGH)

 There are 28 register/latch pins with no clock driven by root clock pin: script_mem_module/script_size_reg[1]/Q (HIGH)

 There are 28 register/latch pins with no clock driven by root clock pin: script_mem_module/script_size_reg[2]/Q (HIGH)

 There are 28 register/latch pins with no clock driven by root clock pin: script_mem_module/script_size_reg[3]/Q (HIGH)

 There are 28 register/latch pins with no clock driven by root clock pin: script_mem_module/script_size_reg[4]/Q (HIGH)

 There are 28 register/latch pins with no clock driven by root clock pin: script_mem_module/script_size_reg[5]/Q (HIGH)

 There are 28 register/latch pins with no clock driven by root clock pin: script_mem_module/script_size_reg[6]/Q (HIGH)

 There are 28 register/latch pins with no clock driven by root clock pin: script_mem_module/script_size_reg[7]/Q (HIGH)

 There are 4 register/latch pins with no clock driven by root clock pin: uart_module/io_dataOut_valid_reg/Q (HIGH)


2. checking constant_clock
--------------------------
 There are 0 register/latch pins with constant_clock.


3. checking pulse_width_clock
-----------------------------
 There are 0 register/latch pins which need pulse_width check


4. checking unconstrained_internal_endpoints
--------------------------------------------
 There are 863 pins that are not constrained for maximum delay. (HIGH)

 There are 0 pins that are not constrained for maximum delay due to constant clock.


5. checking no_input_delay
--------------------------
 There are 15 input ports with no input delay specified. (HIGH)

 There are 0 input ports with no input delay but user has a false path constraint.


6. checking no_output_delay
---------------------------
 There are 39 ports with no output delay specified. (HIGH)

 There are 0 ports with no output delay but user has a false path constraint

 There are 0 ports with no output delay but with a timing clock defined on it or propagating through it


7. checking multiple_clock
--------------------------
 There are 0 register/latch pins with multiple clocks.


8. checking generated_clocks
----------------------------
 There are 0 generated clocks that are not connected to a clock source.


9. checking loops
-----------------
 There are 0 combinational loops in the design.


10. checking partial_input_delay
--------------------------------
 There are 0 input ports with partial input delay specified.


11. checking partial_output_delay
---------------------------------
 There are 0 ports with partial output delay specified.


12. checking latch_loops
------------------------
 There are 0 combinational latch loops in the design through latch input



------------------------------------------------------------------------------------------------
| Design Timing Summary
| ---------------------
------------------------------------------------------------------------------------------------

    WNS(ns)      TNS(ns)  TNS Failing Endpoints  TNS Total Endpoints      WHS(ns)      THS(ns)  THS Failing Endpoints  THS Total Endpoints     WPWS(ns)     TPWS(ns)  TPWS Failing Endpoints  TPWS Total Endpoints  
    -------      -------  ---------------------  -------------------      -------      -------  ---------------------  -------------------     --------     --------  ----------------------  --------------------  
         NA           NA                     NA                   NA           NA           NA                     NA                   NA           NA           NA                      NA                    NA  


There are no user specified timing constraints.


------------------------------------------------------------------------------------------------
| Clock Summary
| -------------
------------------------------------------------------------------------------------------------


------------------------------------------------------------------------------------------------
| Intra Clock Table
| -----------------
------------------------------------------------------------------------------------------------

Clock             WNS(ns)      TNS(ns)  TNS Failing Endpoints  TNS Total Endpoints      WHS(ns)      THS(ns)  THS Failing Endpoints  THS Total Endpoints     WPWS(ns)     TPWS(ns)  TPWS Failing Endpoints  TPWS Total Endpoints  
-----             -------      -------  ---------------------  -------------------      -------      -------  ---------------------  -------------------     --------     --------  ----------------------  --------------------  


------------------------------------------------------------------------------------------------
| Inter Clock Table
| -----------------
------------------------------------------------------------------------------------------------

From Clock    To Clock          WNS(ns)      TNS(ns)  TNS Failing Endpoints  TNS Total Endpoints      WHS(ns)      THS(ns)  THS Failing Endpoints  THS Total Endpoints  
----------    --------          -------      -------  ---------------------  -------------------      -------      -------  ---------------------  -------------------  


------------------------------------------------------------------------------------------------
| Other Path Groups Table
| -----------------------
------------------------------------------------------------------------------------------------

Path Group    From Clock    To Clock          WNS(ns)      TNS(ns)  TNS Failing Endpoints  TNS Total Endpoints      WHS(ns)      THS(ns)  THS Failing Endpoints  THS Total Endpoints  
----------    ----------    --------          -------      -------  ---------------------  -------------------      -------      -------  ---------------------  -------------------  


------------------------------------------------------------------------------------------------
| Timing Details
| --------------
------------------------------------------------------------------------------------------------


