#-----------------------------------------------------------
# Vivado v2017.4 (64-bit)
# SW Build 2086221 on Fri Dec 15 20:55:39 MST 2017
# IP Build 2085800 on Fri Dec 15 22:25:07 MST 2017
# Start of session at: Sun Dec  3 20:14:20 2023
# Process ID: 18136
# Current directory: C:/Users/86153/Desktop/study/digital logic/proj/DL-kitchen/HDL_Framework
# Command line: vivado.exe -gui_launcher_event rodinguilauncherevent8736 C:\Users\86153\Desktop\study\digital logic\proj\DL-kitchen\HDL_Framework\GenshinKitchen.xpr
# Log file: C:/Users/86153/Desktop/study/digital logic/proj/DL-kitchen/HDL_Framework/vivado.log
# Journal file: C:/Users/86153/Desktop/study/digital logic/proj/DL-kitchen/HDL_Framework\vivado.jou
#-----------------------------------------------------------
start_gui
open_project {C:/Users/86153/Desktop/study/digital logic/proj/DL-kitchen/HDL_Framework/GenshinKitchen.xpr}
Scanning sources...
Finished scanning sources
INFO: [IP_Flow 19-234] Refreshing IP repositories
INFO: [IP_Flow 19-1704] No user IP repositories specified
INFO: [IP_Flow 19-2313] Loaded Vivado IP repository 'D:/viadao/Vivado/2017.4/data/ip'.
update_compile_order -fileset sources_1
reset_run synth_1
launch_runs impl_1 -jobs 10
[Sun Dec  3 20:15:09 2023] Launched synth_1...
Run output will be captured here: C:/Users/86153/Desktop/study/digital logic/proj/DL-kitchen/HDL_Framework/GenshinKitchen.runs/synth_1/runme.log
[Sun Dec  3 20:15:09 2023] Launched impl_1...
Run output will be captured here: C:/Users/86153/Desktop/study/digital logic/proj/DL-kitchen/HDL_Framework/GenshinKitchen.runs/impl_1/runme.log
reset_run synth_1
launch_runs impl_1 -jobs 10
[Sun Dec  3 20:34:18 2023] Launched synth_1...
Run output will be captured here: C:/Users/86153/Desktop/study/digital logic/proj/DL-kitchen/HDL_Framework/GenshinKitchen.runs/synth_1/runme.log
[Sun Dec  3 20:34:18 2023] Launched impl_1...
Run output will be captured here: C:/Users/86153/Desktop/study/digital logic/proj/DL-kitchen/HDL_Framework/GenshinKitchen.runs/impl_1/runme.log
reset_run synth_1
launch_runs impl_1 -jobs 10
[Sun Dec  3 20:42:20 2023] Launched synth_1...
Run output will be captured here: C:/Users/86153/Desktop/study/digital logic/proj/DL-kitchen/HDL_Framework/GenshinKitchen.runs/synth_1/runme.log
[Sun Dec  3 20:42:20 2023] Launched impl_1...
Run output will be captured here: C:/Users/86153/Desktop/study/digital logic/proj/DL-kitchen/HDL_Framework/GenshinKitchen.runs/impl_1/runme.log
reset_run synth_1
launch_runs synth_1 -jobs 10
[Sun Dec  3 20:44:11 2023] Launched synth_1...
Run output will be captured here: C:/Users/86153/Desktop/study/digital logic/proj/DL-kitchen/HDL_Framework/GenshinKitchen.runs/synth_1/runme.log
reset_run synth_1
launch_runs synth_1 -jobs 10
[Sun Dec  3 20:44:55 2023] Launched synth_1...
Run output will be captured here: C:/Users/86153/Desktop/study/digital logic/proj/DL-kitchen/HDL_Framework/GenshinKitchen.runs/synth_1/runme.log
reset_run synth_1
launch_runs synth_1 -jobs 10
[Sun Dec  3 20:48:51 2023] Launched synth_1...
Run output will be captured here: C:/Users/86153/Desktop/study/digital logic/proj/DL-kitchen/HDL_Framework/GenshinKitchen.runs/synth_1/runme.log
reset_run synth_1
launch_runs synth_1 -jobs 10
[Sun Dec  3 20:49:28 2023] Launched synth_1...
Run output will be captured here: C:/Users/86153/Desktop/study/digital logic/proj/DL-kitchen/HDL_Framework/GenshinKitchen.runs/synth_1/runme.log
launch_runs impl_1 -jobs 10
[Sun Dec  3 20:49:58 2023] Launched impl_1...
Run output will be captured here: C:/Users/86153/Desktop/study/digital logic/proj/DL-kitchen/HDL_Framework/GenshinKitchen.runs/impl_1/runme.log
reset_run impl_1
WARNING: [Vivado 12-1017] Problems encountered:
1. PID not specified

launch_runs impl_1 -to_step write_bitstream -jobs 10
[Sun Dec  3 20:50:03 2023] Launched impl_1...
Run output will be captured here: C:/Users/86153/Desktop/study/digital logic/proj/DL-kitchen/HDL_Framework/GenshinKitchen.runs/impl_1/runme.log
open_run impl_1
INFO: [Netlist 29-17] Analyzing 6 Unisim elements for replacement
INFO: [Netlist 29-28] Unisim Transformation completed in 0 CPU seconds
INFO: [Project 1-479] Netlist was created with Vivado 2017.4
INFO: [Device 21-403] Loading part xc7a35tcsg324-1
INFO: [Project 1-570] Preparing netlist for logic optimization
Parsing XDC File [C:/Users/86153/Desktop/study/digital logic/proj/DL-kitchen/HDL_Framework/.Xil/Vivado-18136-Sigma/dcp11/DemoTop.xdc]
Finished Parsing XDC File [C:/Users/86153/Desktop/study/digital logic/proj/DL-kitchen/HDL_Framework/.Xil/Vivado-18136-Sigma/dcp11/DemoTop.xdc]
Reading XDEF placement.
Reading placer database...
Reading XDEF routing.
Read XDEF File: Time (s): cpu = 00:00:00 ; elapsed = 00:00:00.022 . Memory (MB): peak = 1256.152 ; gain = 0.094
Restored from archive | CPU: 0.000000 secs | Memory: 0.000000 MB |
Finished XDEF File Restore: Time (s): cpu = 00:00:00 ; elapsed = 00:00:00.022 . Memory (MB): peak = 1256.152 ; gain = 0.094
INFO: [Project 1-111] Unisim Transformation Summary:
No Unisim elements were transformed.

open_run: Time (s): cpu = 00:00:04 ; elapsed = 00:00:06 . Memory (MB): peak = 1412.766 ; gain = 455.988
WARNING: [Timing 38-313] There are no user specified timing constraints. Timing constraints are needed for proper timing analysis.
open_hw
connect_hw_server
INFO: [Labtools 27-2285] Connecting to hw_server url TCP:localhost:3121
INFO: [Labtools 27-2222] Launching hw_server...
INFO: [Labtools 27-2221] Launch Output:

****** Xilinx hw_server v2017.4
  **** Build date : Dec 15 2017-21:08:27
    ** Copyright 1986-2017 Xilinx, Inc. All Rights Reserved.


open_hw_target
INFO: [Labtoolstcl 44-466] Opening hw_target localhost:3121/xilinx_tcf/Xilinx/1234-tulA
set_property PROGRAM.FILE {C:/Users/86153/Desktop/study/digital logic/proj/DL-kitchen/HDL_Framework/GenshinKitchen.runs/impl_1/DemoTop.bit} [get_hw_devices xc7a35t_0]
current_hw_device [get_hw_devices xc7a35t_0]
refresh_hw_device -update_hw_probes false [lindex [get_hw_devices xc7a35t_0] 0]
INFO: [Labtools 27-1434] Device xc7a35t (JTAG device index = 0) is programmed with a design that has no supported debug core(s) in it.
WARNING: [Labtools 27-3361] The debug hub core was not detected.
Resolution: 
1. Make sure the clock connected to the debug hub (dbg_hub) core is a free running clock and is active.
2. Make sure the BSCAN_SWITCH_USER_MASK device property in Vivado Hardware Manager reflects the user scan chain setting in the design and refresh the device.  To determine the user scan chain setting in the design, open the implemented design and use 'get_property C_USER_SCAN_CHAIN [get_debug_cores dbg_hub]'.
For more details on setting the scan chain property, consult the Vivado Debug and Programming User Guide (UG908).
set_property PROBES.FILE {} [get_hw_devices xc7a35t_0]
set_property FULL_PROBES.FILE {} [get_hw_devices xc7a35t_0]
set_property PROGRAM.FILE {C:/Users/86153/Desktop/study/digital logic/proj/DL-kitchen/HDL_Framework/GenshinKitchen.runs/impl_1/DemoTop.bit} [get_hw_devices xc7a35t_0]
program_hw_devices [get_hw_devices xc7a35t_0]
INFO: [Labtools 27-3164] End of startup status: HIGH
refresh_hw_device [lindex [get_hw_devices xc7a35t_0] 0]
INFO: [Labtools 27-1434] Device xc7a35t (JTAG device index = 0) is programmed with a design that has no supported debug core(s) in it.
WARNING: [Labtools 27-3361] The debug hub core was not detected.
Resolution: 
1. Make sure the clock connected to the debug hub (dbg_hub) core is a free running clock and is active.
2. Make sure the BSCAN_SWITCH_USER_MASK device property in Vivado Hardware Manager reflects the user scan chain setting in the design and refresh the device.  To determine the user scan chain setting in the design, open the implemented design and use 'get_property C_USER_SCAN_CHAIN [get_debug_cores dbg_hub]'.
For more details on setting the scan chain property, consult the Vivado Debug and Programming User Guide (UG908).
reset_run impl_1
launch_runs impl_1 -jobs 10
[Sun Dec  3 21:04:15 2023] Launched impl_1...
Run output will be captured here: C:/Users/86153/Desktop/study/digital logic/proj/DL-kitchen/HDL_Framework/GenshinKitchen.runs/impl_1/runme.log
refresh_design
INFO: [Netlist 29-17] Analyzing 6 Unisim elements for replacement
INFO: [Netlist 29-28] Unisim Transformation completed in 0 CPU seconds
INFO: [Project 1-479] Netlist was created with Vivado 2017.4
INFO: [Project 1-570] Preparing netlist for logic optimization
Parsing XDC File [C:/Users/86153/Desktop/study/digital logic/proj/DL-kitchen/HDL_Framework/.Xil/Vivado-18136-Sigma/dcp14/DemoTop.xdc]
Finished Parsing XDC File [C:/Users/86153/Desktop/study/digital logic/proj/DL-kitchen/HDL_Framework/.Xil/Vivado-18136-Sigma/dcp14/DemoTop.xdc]
Reading XDEF placement.
Reading placer database...
Reading XDEF routing.
Read XDEF File: Time (s): cpu = 00:00:00 ; elapsed = 00:00:00.021 . Memory (MB): peak = 2424.734 ; gain = 0.000
Restored from archive | CPU: 0.000000 secs | Memory: 0.000000 MB |
Finished XDEF File Restore: Time (s): cpu = 00:00:00 ; elapsed = 00:00:00.021 . Memory (MB): peak = 2424.734 ; gain = 0.000
WARNING: [Timing 38-313] There are no user specified timing constraints. Timing constraints are needed for proper timing analysis.
reset_run synth_1
launch_runs impl_1 -to_step write_bitstream -jobs 10
[Sun Dec  3 21:05:01 2023] Launched synth_1...
Run output will be captured here: C:/Users/86153/Desktop/study/digital logic/proj/DL-kitchen/HDL_Framework/GenshinKitchen.runs/synth_1/runme.log
[Sun Dec  3 21:05:01 2023] Launched impl_1...
Run output will be captured here: C:/Users/86153/Desktop/study/digital logic/proj/DL-kitchen/HDL_Framework/GenshinKitchen.runs/impl_1/runme.log
set_property PROBES.FILE {} [get_hw_devices xc7a35t_0]
set_property FULL_PROBES.FILE {} [get_hw_devices xc7a35t_0]
set_property PROGRAM.FILE {C:/Users/86153/Desktop/study/digital logic/proj/DL-kitchen/HDL_Framework/GenshinKitchen.runs/impl_1/DemoTop.bit} [get_hw_devices xc7a35t_0]
program_hw_devices [get_hw_devices xc7a35t_0]
INFO: [Labtools 27-3164] End of startup status: HIGH
refresh_hw_device [lindex [get_hw_devices xc7a35t_0] 0]
INFO: [Labtools 27-1434] Device xc7a35t (JTAG device index = 0) is programmed with a design that has no supported debug core(s) in it.
WARNING: [Labtools 27-3361] The debug hub core was not detected.
Resolution: 
1. Make sure the clock connected to the debug hub (dbg_hub) core is a free running clock and is active.
2. Make sure the BSCAN_SWITCH_USER_MASK device property in Vivado Hardware Manager reflects the user scan chain setting in the design and refresh the device.  To determine the user scan chain setting in the design, open the implemented design and use 'get_property C_USER_SCAN_CHAIN [get_debug_cores dbg_hub]'.
For more details on setting the scan chain property, consult the Vivado Debug and Programming User Guide (UG908).
exit
INFO: [Common 17-206] Exiting Vivado at Sun Dec  3 21:27:46 2023...
