#-----------------------------------------------------------
# Vivado v2017.4 (64-bit)
# SW Build 2086221 on Fri Dec 15 20:55:39 MST 2017
# IP Build 2085800 on Fri Dec 15 22:25:07 MST 2017
# Start of session at: Sun Dec  3 11:50:06 2023
# Process ID: 21864
# Current directory: G:/学习资料/DLKitchen/HDL_Framework
# Command line: vivado.exe -gui_launcher_event rodinguilauncherevent21700 G:\学习资料\DLKitchen\HDL_Framework\GenshinKitchen.xpr
# Log file: G:/学习资料/DLKitchen/HDL_Framework/vivado.log
# Journal file: G:/学习资料/DLKitchen/HDL_Framework\vivado.jou
#-----------------------------------------------------------
start_gui
open_project G:/学习资料/DLKitchen/HDL_Framework/GenshinKitchen.xpr
INFO: [Project 1-313] Project file moved from 'C:/Users/86153/Desktop/study/digital logic/proj/DL-kitchen/HDL_Framework' since last save.
Scanning sources...
Finished scanning sources
INFO: [IP_Flow 19-234] Refreshing IP repositories
INFO: [IP_Flow 19-1704] No user IP repositories specified
INFO: [IP_Flow 19-2313] Loaded Vivado IP repository 'F:/Vivado/Vivado/2017.4/data/ip'.
update_compile_order -fileset sources_1
exit
INFO: [Common 17-206] Exiting Vivado at Sun Dec  3 16:19:54 2023...
