
*** Running vivado
    with args -log DemoTop.vds -m64 -product Vivado -mode batch -messageDb vivado.pb -notrace -source DemoTop.tcl


****** Vivado v2017.4 (64-bit)
  **** SW Build 2086221 on Fri Dec 15 20:55:39 MST 2017
  **** IP Build 2085800 on Fri Dec 15 22:25:07 MST 2017
    ** Copyright 1986-2017 Xilinx, Inc. All Rights Reserved.

source DemoTop.tcl -notrace
Command: synth_design -top DemoTop -part xc7a35tcsg324-1
Starting synth_design
Attempting to get a license for feature 'Synthesis' and/or device 'xc7a35t'
INFO: [Common 17-349] Got license for feature 'Synthesis' and/or device 'xc7a35t'
INFO: Launching helper process for spawning children vivado processes
INFO: Helper process launched with PID 7672 
---------------------------------------------------------------------------------
Starting RTL Elaboration : Time (s): cpu = 00:00:01 ; elapsed = 00:00:03 . Memory (MB): peak = 340.984 ; gain = 101.633
---------------------------------------------------------------------------------
INFO: [Synth 8-638] synthesizing module 'DemoTop' [C:/Users/86153/Desktop/study/digital logic/proj/DL-kitchen/HDL_Framework/GenshinKitchen.srcs/sources_1/new/DemoTop.v:23]
INFO: [Synth 8-638] synthesizing module 'clock_frequency_divider' [C:/Users/86153/Desktop/study/digital logic/proj/DL-kitchen/HDL_Framework/GenshinKitchen.srcs/sources_1/new/clock_frequency_divider.v:23]
	Parameter period bound to: 650 - type: integer 
INFO: [Synth 8-256] done synthesizing module 'clock_frequency_divider' (1#1) [C:/Users/86153/Desktop/study/digital logic/proj/DL-kitchen/HDL_Framework/GenshinKitchen.srcs/sources_1/new/clock_frequency_divider.v:23]
INFO: [Synth 8-638] synthesizing module 'Led1' [C:/Users/86153/Desktop/study/digital logic/proj/DL-kitchen/HDL_Framework/GenshinKitchen.srcs/sources_1/new/Input_Module.v:2]
INFO: [Synth 8-256] done synthesizing module 'Led1' (2#1) [C:/Users/86153/Desktop/study/digital logic/proj/DL-kitchen/HDL_Framework/GenshinKitchen.srcs/sources_1/new/Input_Module.v:2]
INFO: [Synth 8-638] synthesizing module 'Led2' [C:/Users/86153/Desktop/study/digital logic/proj/DL-kitchen/HDL_Framework/GenshinKitchen.srcs/sources_1/new/Led2.v:23]
INFO: [Synth 8-256] done synthesizing module 'Led2' (3#1) [C:/Users/86153/Desktop/study/digital logic/proj/DL-kitchen/HDL_Framework/GenshinKitchen.srcs/sources_1/new/Led2.v:23]
INFO: [Synth 8-638] synthesizing module 'Begin_End' [C:/Users/86153/Desktop/study/digital logic/proj/DL-kitchen/HDL_Framework/GenshinKitchen.srcs/sources_1/new/Output_module.v:23]
	Parameter S0 bound to: 1'b0 
	Parameter S1 bound to: 1'b1 
INFO: [Synth 8-155] case statement is not full and has no default [C:/Users/86153/Desktop/study/digital logic/proj/DL-kitchen/HDL_Framework/GenshinKitchen.srcs/sources_1/new/Output_module.v:41]
INFO: [Synth 8-256] done synthesizing module 'Begin_End' (4#1) [C:/Users/86153/Desktop/study/digital logic/proj/DL-kitchen/HDL_Framework/GenshinKitchen.srcs/sources_1/new/Output_module.v:23]
INFO: [Synth 8-638] synthesizing module 'ScriptMem' [C:/Users/86153/Desktop/study/digital logic/proj/DL-kitchen/HDL_Framework/GenshinKitchen.srcs/sources_1/new/ScriptMem.v:23]
INFO: [Synth 8-638] synthesizing module 'inst_ram' [C:/Users/86153/Desktop/study/digital logic/proj/DL-kitchen/HDL_Framework/GenshinKitchen.runs/synth_1/.Xil/Vivado-17936-Sigma/realtime/inst_ram_stub.v:6]
INFO: [Synth 8-256] done synthesizing module 'inst_ram' (5#1) [C:/Users/86153/Desktop/study/digital logic/proj/DL-kitchen/HDL_Framework/GenshinKitchen.runs/synth_1/.Xil/Vivado-17936-Sigma/realtime/inst_ram_stub.v:6]
INFO: [Synth 8-256] done synthesizing module 'ScriptMem' (6#1) [C:/Users/86153/Desktop/study/digital logic/proj/DL-kitchen/HDL_Framework/GenshinKitchen.srcs/sources_1/new/ScriptMem.v:23]
INFO: [Synth 8-638] synthesizing module 'UART' [C:/Users/86153/Desktop/study/digital logic/proj/DL-kitchen/HDL_Framework/GenshinKitchen.srcs/sources_1/new/UART.v:128]
INFO: [Synth 8-638] synthesizing module 'UARTTransmitter' [C:/Users/86153/Desktop/study/digital logic/proj/DL-kitchen/HDL_Framework/GenshinKitchen.srcs/sources_1/new/UART.v:3]
INFO: [Synth 8-256] done synthesizing module 'UARTTransmitter' (7#1) [C:/Users/86153/Desktop/study/digital logic/proj/DL-kitchen/HDL_Framework/GenshinKitchen.srcs/sources_1/new/UART.v:3]
INFO: [Synth 8-638] synthesizing module 'UARTReceiver' [C:/Users/86153/Desktop/study/digital logic/proj/DL-kitchen/HDL_Framework/GenshinKitchen.srcs/sources_1/new/UART.v:46]
INFO: [Synth 8-256] done synthesizing module 'UARTReceiver' (8#1) [C:/Users/86153/Desktop/study/digital logic/proj/DL-kitchen/HDL_Framework/GenshinKitchen.srcs/sources_1/new/UART.v:46]
INFO: [Synth 8-256] done synthesizing module 'UART' (9#1) [C:/Users/86153/Desktop/study/digital logic/proj/DL-kitchen/HDL_Framework/GenshinKitchen.srcs/sources_1/new/UART.v:128]
WARNING: [Synth 8-3848] Net pc in module/entity DemoTop does not have driver. [C:/Users/86153/Desktop/study/digital logic/proj/DL-kitchen/HDL_Framework/GenshinKitchen.srcs/sources_1/new/DemoTop.v:45]
INFO: [Synth 8-256] done synthesizing module 'DemoTop' (10#1) [C:/Users/86153/Desktop/study/digital logic/proj/DL-kitchen/HDL_Framework/GenshinKitchen.srcs/sources_1/new/DemoTop.v:23]
WARNING: [Synth 8-3331] design ScriptMem has unconnected port reset
WARNING: [Synth 8-3331] design Begin_End has unconnected port switches[5]
WARNING: [Synth 8-3331] design Begin_End has unconnected port switches[4]
WARNING: [Synth 8-3331] design Begin_End has unconnected port switches[3]
WARNING: [Synth 8-3331] design Begin_End has unconnected port switches[2]
WARNING: [Synth 8-3331] design Begin_End has unconnected port switches[1]
WARNING: [Synth 8-3331] design Begin_End has unconnected port switches[0]
WARNING: [Synth 8-3331] design DemoTop has unconnected port button[4]
WARNING: [Synth 8-3331] design DemoTop has unconnected port button[3]
WARNING: [Synth 8-3331] design DemoTop has unconnected port button[2]
WARNING: [Synth 8-3331] design DemoTop has unconnected port button[1]
WARNING: [Synth 8-3331] design DemoTop has unconnected port button[0]
---------------------------------------------------------------------------------
Finished RTL Elaboration : Time (s): cpu = 00:00:01 ; elapsed = 00:00:03 . Memory (MB): peak = 393.883 ; gain = 154.531
---------------------------------------------------------------------------------

Report Check Netlist: 
+------+------------------+-------+---------+-------+------------------+
|      |Item              |Errors |Warnings |Status |Description       |
+------+------------------+-------+---------+-------+------------------+
|1     |multi_driven_nets |      0|        0|Passed |Multi driven nets |
+------+------------------+-------+---------+-------+------------------+
WARNING: [Synth 8-3295] tying undriven pin script_mem_module:pc[7] to constant 0 [C:/Users/86153/Desktop/study/digital logic/proj/DL-kitchen/HDL_Framework/GenshinKitchen.srcs/sources_1/new/DemoTop.v:122]
WARNING: [Synth 8-3295] tying undriven pin script_mem_module:pc[6] to constant 0 [C:/Users/86153/Desktop/study/digital logic/proj/DL-kitchen/HDL_Framework/GenshinKitchen.srcs/sources_1/new/DemoTop.v:122]
WARNING: [Synth 8-3295] tying undriven pin script_mem_module:pc[5] to constant 0 [C:/Users/86153/Desktop/study/digital logic/proj/DL-kitchen/HDL_Framework/GenshinKitchen.srcs/sources_1/new/DemoTop.v:122]
WARNING: [Synth 8-3295] tying undriven pin script_mem_module:pc[4] to constant 0 [C:/Users/86153/Desktop/study/digital logic/proj/DL-kitchen/HDL_Framework/GenshinKitchen.srcs/sources_1/new/DemoTop.v:122]
WARNING: [Synth 8-3295] tying undriven pin script_mem_module:pc[3] to constant 0 [C:/Users/86153/Desktop/study/digital logic/proj/DL-kitchen/HDL_Framework/GenshinKitchen.srcs/sources_1/new/DemoTop.v:122]
WARNING: [Synth 8-3295] tying undriven pin script_mem_module:pc[2] to constant 0 [C:/Users/86153/Desktop/study/digital logic/proj/DL-kitchen/HDL_Framework/GenshinKitchen.srcs/sources_1/new/DemoTop.v:122]
WARNING: [Synth 8-3295] tying undriven pin script_mem_module:pc[1] to constant 0 [C:/Users/86153/Desktop/study/digital logic/proj/DL-kitchen/HDL_Framework/GenshinKitchen.srcs/sources_1/new/DemoTop.v:122]
WARNING: [Synth 8-3295] tying undriven pin script_mem_module:pc[0] to constant 0 [C:/Users/86153/Desktop/study/digital logic/proj/DL-kitchen/HDL_Framework/GenshinKitchen.srcs/sources_1/new/DemoTop.v:122]
---------------------------------------------------------------------------------
Finished RTL Optimization Phase 1 : Time (s): cpu = 00:00:01 ; elapsed = 00:00:04 . Memory (MB): peak = 393.883 ; gain = 154.531
---------------------------------------------------------------------------------
INFO: [Device 21-403] Loading part xc7a35tcsg324-1
INFO: [Project 1-570] Preparing netlist for logic optimization

Processing XDC Constraints
Initializing timing engine
Parsing XDC File [C:/Users/86153/Desktop/study/digital logic/proj/DL-kitchen/HDL_Framework/GenshinKitchen.runs/synth_1/.Xil/Vivado-17936-Sigma/dcp1/inst_ram_in_context.xdc] for cell 'script_mem_module/ram_module'
Finished Parsing XDC File [C:/Users/86153/Desktop/study/digital logic/proj/DL-kitchen/HDL_Framework/GenshinKitchen.runs/synth_1/.Xil/Vivado-17936-Sigma/dcp1/inst_ram_in_context.xdc] for cell 'script_mem_module/ram_module'
Parsing XDC File [C:/Users/86153/Desktop/study/digital logic/proj/DL-kitchen/HDL_Framework/GenshinKitchen.srcs/constrs_1/new/cons.xdc]
Finished Parsing XDC File [C:/Users/86153/Desktop/study/digital logic/proj/DL-kitchen/HDL_Framework/GenshinKitchen.srcs/constrs_1/new/cons.xdc]
INFO: [Project 1-236] Implementation specific constraints were found while reading constraint file [C:/Users/86153/Desktop/study/digital logic/proj/DL-kitchen/HDL_Framework/GenshinKitchen.srcs/constrs_1/new/cons.xdc]. These constraints will be ignored for synthesis but will be used in implementation. Impacted constraints are listed in the file [.Xil/DemoTop_propImpl.xdc].
Resolution: To avoid this warning, move constraints listed in [.Xil/DemoTop_propImpl.xdc] to another XDC file and exclude this new file from synthesis with the used_in_synthesis property (File Properties dialog in GUI) and re-run elaboration/synthesis.
Completed Processing XDC Constraints

INFO: [Project 1-111] Unisim Transformation Summary:
No Unisim elements were transformed.

Constraint Validation Runtime : Time (s): cpu = 00:00:00 ; elapsed = 00:00:00.002 . Memory (MB): peak = 719.824 ; gain = 0.000
---------------------------------------------------------------------------------
Finished Constraint Validation : Time (s): cpu = 00:00:03 ; elapsed = 00:00:10 . Memory (MB): peak = 719.824 ; gain = 480.473
---------------------------------------------------------------------------------
---------------------------------------------------------------------------------
Start Loading Part and Timing Information
---------------------------------------------------------------------------------
Loading part: xc7a35tcsg324-1
---------------------------------------------------------------------------------
Finished Loading Part and Timing Information : Time (s): cpu = 00:00:03 ; elapsed = 00:00:10 . Memory (MB): peak = 719.824 ; gain = 480.473
---------------------------------------------------------------------------------
---------------------------------------------------------------------------------
Start Applying 'set_property' XDC Constraints
---------------------------------------------------------------------------------
Applied set_property DONT_TOUCH = true for script_mem_module/ram_module. (constraint file  auto generated constraint, line ).
---------------------------------------------------------------------------------
Finished applying 'set_property' XDC Constraints : Time (s): cpu = 00:00:03 ; elapsed = 00:00:10 . Memory (MB): peak = 719.824 ; gain = 480.473
---------------------------------------------------------------------------------
INFO: [Synth 8-5546] ROM "uart_clk" won't be mapped to RAM because it is too sparse
INFO: [Synth 8-5544] ROM "script_size" won't be mapped to Block RAM because address size (2) smaller than threshold (5)
WARNING: [Synth 8-6014] Unused sequential element script_cnt_reg was removed.  [C:/Users/86153/Desktop/study/digital logic/proj/DL-kitchen/HDL_Framework/GenshinKitchen.srcs/sources_1/new/ScriptMem.v:36]
INFO: [Synth 8-5544] ROM "spacing" won't be mapped to Block RAM because address size (4) smaller than threshold (5)
WARNING: [Synth 8-6014] Unused sequential element spacing_reg was removed.  [C:/Users/86153/Desktop/study/digital logic/proj/DL-kitchen/HDL_Framework/GenshinKitchen.srcs/sources_1/new/UART.v:59]
WARNING: [Synth 8-6014] Unused sequential element clkCnt_reg was removed.  [C:/Users/86153/Desktop/study/digital logic/proj/DL-kitchen/HDL_Framework/GenshinKitchen.srcs/sources_1/new/UART.v:143]
WARNING: [Synth 8-327] inferring latch for variable 'n_state_reg' [C:/Users/86153/Desktop/study/digital logic/proj/DL-kitchen/HDL_Framework/GenshinKitchen.srcs/sources_1/new/Output_module.v:43]
---------------------------------------------------------------------------------
Finished RTL Optimization Phase 2 : Time (s): cpu = 00:00:03 ; elapsed = 00:00:11 . Memory (MB): peak = 719.824 ; gain = 480.473
---------------------------------------------------------------------------------

Report RTL Partitions: 
+-+--------------+------------+----------+
| |RTL Partition |Replication |Instances |
+-+--------------+------------+----------+
+-+--------------+------------+----------+
---------------------------------------------------------------------------------
Start RTL Component Statistics 
---------------------------------------------------------------------------------
Detailed RTL Component Info : 
+---Adders : 
	   2 Input     16 Bit       Adders := 1     
	   2 Input      8 Bit       Adders := 2     
	   2 Input      4 Bit       Adders := 2     
	   2 Input      3 Bit       Adders := 1     
+---Registers : 
	               16 Bit    Registers := 1     
	                8 Bit    Registers := 4     
	                4 Bit    Registers := 4     
	                3 Bit    Registers := 1     
	                2 Bit    Registers := 1     
	                1 Bit    Registers := 13    
+---Muxes : 
	   2 Input     16 Bit        Muxes := 1     
	   2 Input      8 Bit        Muxes := 5     
	   2 Input      4 Bit        Muxes := 2     
	   7 Input      4 Bit        Muxes := 2     
	   2 Input      3 Bit        Muxes := 2     
	   5 Input      3 Bit        Muxes := 1     
	   4 Input      3 Bit        Muxes := 1     
	   2 Input      2 Bit        Muxes := 3     
	   2 Input      1 Bit        Muxes := 11    
	   3 Input      1 Bit        Muxes := 1     
---------------------------------------------------------------------------------
Finished RTL Component Statistics 
---------------------------------------------------------------------------------
---------------------------------------------------------------------------------
Start RTL Hierarchical Component Statistics 
---------------------------------------------------------------------------------
Hierarchical RTL Component report 
Module clock_frequency_divider 
Detailed RTL Component Info : 
+---Adders : 
	   2 Input     16 Bit       Adders := 1     
+---Registers : 
	               16 Bit    Registers := 1     
	                1 Bit    Registers := 1     
+---Muxes : 
	   2 Input     16 Bit        Muxes := 1     
	   2 Input      1 Bit        Muxes := 1     
Module Begin_End 
Detailed RTL Component Info : 
+---Registers : 
	                2 Bit    Registers := 1     
+---Muxes : 
	   2 Input      4 Bit        Muxes := 1     
	   2 Input      2 Bit        Muxes := 2     
	   2 Input      1 Bit        Muxes := 2     
Module ScriptMem 
Detailed RTL Component Info : 
+---Adders : 
	   2 Input      8 Bit       Adders := 2     
+---Registers : 
	                8 Bit    Registers := 2     
+---Muxes : 
	   2 Input      8 Bit        Muxes := 4     
	   2 Input      1 Bit        Muxes := 3     
Module UARTTransmitter 
Detailed RTL Component Info : 
+---Registers : 
	                8 Bit    Registers := 1     
	                4 Bit    Registers := 1     
+---Muxes : 
	   2 Input      8 Bit        Muxes := 1     
	   7 Input      4 Bit        Muxes := 1     
	   2 Input      3 Bit        Muxes := 1     
	   5 Input      3 Bit        Muxes := 1     
	   2 Input      1 Bit        Muxes := 2     
Module UARTReceiver 
Detailed RTL Component Info : 
+---Adders : 
	   2 Input      4 Bit       Adders := 1     
	   2 Input      3 Bit       Adders := 1     
+---Registers : 
	                4 Bit    Registers := 2     
	                3 Bit    Registers := 1     
	                1 Bit    Registers := 11    
+---Muxes : 
	   2 Input      4 Bit        Muxes := 1     
	   7 Input      4 Bit        Muxes := 1     
	   2 Input      3 Bit        Muxes := 1     
	   4 Input      3 Bit        Muxes := 1     
	   2 Input      2 Bit        Muxes := 1     
	   3 Input      1 Bit        Muxes := 1     
	   2 Input      1 Bit        Muxes := 3     
Module UART 
Detailed RTL Component Info : 
+---Adders : 
	   2 Input      4 Bit       Adders := 1     
+---Registers : 
	                8 Bit    Registers := 1     
	                4 Bit    Registers := 1     
	                1 Bit    Registers := 1     
---------------------------------------------------------------------------------
Finished RTL Hierarchical Component Statistics
---------------------------------------------------------------------------------
---------------------------------------------------------------------------------
Start Part Resource Summary
---------------------------------------------------------------------------------
Part Resources:
DSPs: 90 (col length:60)
BRAMs: 100 (col length: RAMB18 60 RAMB36 30)
---------------------------------------------------------------------------------
Finished Part Resource Summary
---------------------------------------------------------------------------------
---------------------------------------------------------------------------------
Start Cross Boundary and Area Optimization
---------------------------------------------------------------------------------
INFO: [Synth 8-5546] ROM "clock/uart_clk" won't be mapped to RAM because it is too sparse
WARNING: [Synth 8-6014] Unused sequential element script_mem_module/script_cnt_reg was removed.  [C:/Users/86153/Desktop/study/digital logic/proj/DL-kitchen/HDL_Framework/GenshinKitchen.srcs/sources_1/new/ScriptMem.v:36]
WARNING: [Synth 8-6014] Unused sequential element uart_module/rx/spacing_reg was removed.  [C:/Users/86153/Desktop/study/digital logic/proj/DL-kitchen/HDL_Framework/GenshinKitchen.srcs/sources_1/new/UART.v:59]
WARNING: [Synth 8-6014] Unused sequential element uart_module/clkCnt_reg was removed.  [C:/Users/86153/Desktop/study/digital logic/proj/DL-kitchen/HDL_Framework/GenshinKitchen.srcs/sources_1/new/UART.v:143]
WARNING: [Synth 8-3917] design DemoTop has port led[7] driven by constant 0
WARNING: [Synth 8-3917] design DemoTop has port led[6] driven by constant 0
WARNING: [Synth 8-3917] design DemoTop has port led[5] driven by constant 0
WARNING: [Synth 8-3917] design DemoTop has port led[4] driven by constant 0
WARNING: [Synth 8-3917] design DemoTop has port led[1] driven by constant 0
WARNING: [Synth 8-3917] design DemoTop has port led[0] driven by constant 1
WARNING: [Synth 8-3331] design DemoTop has unconnected port button[4]
WARNING: [Synth 8-3331] design DemoTop has unconnected port button[3]
WARNING: [Synth 8-3331] design DemoTop has unconnected port button[2]
WARNING: [Synth 8-3331] design DemoTop has unconnected port button[1]
WARNING: [Synth 8-3331] design DemoTop has unconnected port button[0]
WARNING: [Synth 8-3331] design DemoTop has unconnected port switches[5]
WARNING: [Synth 8-3331] design DemoTop has unconnected port switches[4]
WARNING: [Synth 8-3331] design DemoTop has unconnected port switches[3]
WARNING: [Synth 8-3331] design DemoTop has unconnected port switches[2]
WARNING: [Synth 8-3331] design DemoTop has unconnected port switches[1]
WARNING: [Synth 8-3331] design DemoTop has unconnected port switches[0]
INFO: [Synth 8-3333] propagating constant 0 across sequential element (\uart_module/tx/data_reg[7] )
INFO: [Synth 8-3333] propagating constant 0 across sequential element (\input1/n_state_reg[1] )
INFO: [Synth 8-3886] merging instance 'uart_module/tx/data_reg[7]' (FDE) to 'uart_module/tx/data_reg[6]'
INFO: [Synth 8-3333] propagating constant 0 across sequential element (\uart_module/tx/data_reg[6] )
INFO: [Synth 8-3333] propagating constant 0 across sequential element (\input1/state_reg[1] )
INFO: [Synth 8-3886] merging instance 'uart_module/tx/data_reg[6]' (FDE) to 'uart_module/tx/data_reg[5]'
INFO: [Synth 8-3333] propagating constant 0 across sequential element (\uart_module/tx/data_reg[5] )
INFO: [Synth 8-3886] merging instance 'uart_module/tx/data_reg[5]' (FDE) to 'uart_module/tx/data_reg[4]'
INFO: [Synth 8-3333] propagating constant 0 across sequential element (\uart_module/tx/data_reg[4] )
WARNING: [Synth 8-3332] Sequential element (input1/n_state_reg[1]) is unused and will be removed from module DemoTop.
WARNING: [Synth 8-3332] Sequential element (input1/n_state_reg[0]) is unused and will be removed from module DemoTop.
WARNING: [Synth 8-3332] Sequential element (input1/state_reg[1]) is unused and will be removed from module DemoTop.
WARNING: [Synth 8-3332] Sequential element (input1/state_reg[0]) is unused and will be removed from module DemoTop.
WARNING: [Synth 8-3332] Sequential element (uart_module/tx/data_reg[4]) is unused and will be removed from module DemoTop.
---------------------------------------------------------------------------------
Finished Cross Boundary and Area Optimization : Time (s): cpu = 00:00:03 ; elapsed = 00:00:11 . Memory (MB): peak = 719.824 ; gain = 480.473
---------------------------------------------------------------------------------

Report RTL Partitions: 
+-+--------------+------------+----------+
| |RTL Partition |Replication |Instances |
+-+--------------+------------+----------+
+-+--------------+------------+----------+
---------------------------------------------------------------------------------
Start Applying XDC Timing Constraints
---------------------------------------------------------------------------------
---------------------------------------------------------------------------------
Finished Applying XDC Timing Constraints : Time (s): cpu = 00:00:04 ; elapsed = 00:00:16 . Memory (MB): peak = 719.824 ; gain = 480.473
---------------------------------------------------------------------------------
---------------------------------------------------------------------------------
Start Timing Optimization
---------------------------------------------------------------------------------
---------------------------------------------------------------------------------
Finished Timing Optimization : Time (s): cpu = 00:00:04 ; elapsed = 00:00:16 . Memory (MB): peak = 719.824 ; gain = 480.473
---------------------------------------------------------------------------------

Report RTL Partitions: 
+-+--------------+------------+----------+
| |RTL Partition |Replication |Instances |
+-+--------------+------------+----------+
+-+--------------+------------+----------+
---------------------------------------------------------------------------------
Start Technology Mapping
---------------------------------------------------------------------------------
---------------------------------------------------------------------------------
Finished Technology Mapping : Time (s): cpu = 00:00:04 ; elapsed = 00:00:16 . Memory (MB): peak = 737.875 ; gain = 498.523
---------------------------------------------------------------------------------

Report RTL Partitions: 
+-+--------------+------------+----------+
| |RTL Partition |Replication |Instances |
+-+--------------+------------+----------+
+-+--------------+------------+----------+
---------------------------------------------------------------------------------
Start IO Insertion
---------------------------------------------------------------------------------
---------------------------------------------------------------------------------
Start Flattening Before IO Insertion
---------------------------------------------------------------------------------
---------------------------------------------------------------------------------
Finished Flattening Before IO Insertion
---------------------------------------------------------------------------------
---------------------------------------------------------------------------------
Start Final Netlist Cleanup
---------------------------------------------------------------------------------
---------------------------------------------------------------------------------
Finished Final Netlist Cleanup
---------------------------------------------------------------------------------
---------------------------------------------------------------------------------
Finished IO Insertion : Time (s): cpu = 00:00:05 ; elapsed = 00:00:17 . Memory (MB): peak = 737.875 ; gain = 498.523
---------------------------------------------------------------------------------

Report Check Netlist: 
+------+------------------+-------+---------+-------+------------------+
|      |Item              |Errors |Warnings |Status |Description       |
+------+------------------+-------+---------+-------+------------------+
|1     |multi_driven_nets |      0|        0|Passed |Multi driven nets |
+------+------------------+-------+---------+-------+------------------+
---------------------------------------------------------------------------------
Start Renaming Generated Instances
---------------------------------------------------------------------------------
---------------------------------------------------------------------------------
Finished Renaming Generated Instances : Time (s): cpu = 00:00:05 ; elapsed = 00:00:17 . Memory (MB): peak = 737.875 ; gain = 498.523
---------------------------------------------------------------------------------

Report RTL Partitions: 
+-+--------------+------------+----------+
| |RTL Partition |Replication |Instances |
+-+--------------+------------+----------+
+-+--------------+------------+----------+
---------------------------------------------------------------------------------
Start Rebuilding User Hierarchy
---------------------------------------------------------------------------------
---------------------------------------------------------------------------------
Finished Rebuilding User Hierarchy : Time (s): cpu = 00:00:05 ; elapsed = 00:00:17 . Memory (MB): peak = 737.875 ; gain = 498.523
---------------------------------------------------------------------------------
---------------------------------------------------------------------------------
Start Renaming Generated Ports
---------------------------------------------------------------------------------
---------------------------------------------------------------------------------
Finished Renaming Generated Ports : Time (s): cpu = 00:00:05 ; elapsed = 00:00:17 . Memory (MB): peak = 737.875 ; gain = 498.523
---------------------------------------------------------------------------------
---------------------------------------------------------------------------------
Start Handling Custom Attributes
---------------------------------------------------------------------------------
---------------------------------------------------------------------------------
Finished Handling Custom Attributes : Time (s): cpu = 00:00:05 ; elapsed = 00:00:17 . Memory (MB): peak = 737.875 ; gain = 498.523
---------------------------------------------------------------------------------
---------------------------------------------------------------------------------
Start Renaming Generated Nets
---------------------------------------------------------------------------------
---------------------------------------------------------------------------------
Finished Renaming Generated Nets : Time (s): cpu = 00:00:05 ; elapsed = 00:00:17 . Memory (MB): peak = 737.875 ; gain = 498.523
---------------------------------------------------------------------------------
---------------------------------------------------------------------------------
Start Writing Synthesis Report
---------------------------------------------------------------------------------

Report BlackBoxes: 
+------+--------------+----------+
|      |BlackBox name |Instances |
+------+--------------+----------+
|1     |inst_ram      |         1|
+------+--------------+----------+

Report Cell Usage: 
+------+---------+------+
|      |Cell     |Count |
+------+---------+------+
|1     |inst_ram |     1|
|2     |BUFG     |     2|
|3     |CARRY4   |     5|
|4     |LUT1     |     3|
|5     |LUT2     |    13|
|6     |LUT3     |     5|
|7     |LUT4     |    32|
|8     |LUT5     |    14|
|9     |LUT6     |     4|
|10    |FDRE     |    76|
|11    |IBUF     |     2|
|12    |OBUF     |    17|
+------+---------+------+

Report Instance Areas: 
+------+--------------------+------------------------+------+
|      |Instance            |Module                  |Cells |
+------+--------------------+------------------------+------+
|1     |top                 |                        |   189|
|2     |  clock             |clock_frequency_divider |    29|
|3     |  script_mem_module |ScriptMem               |    63|
|4     |  uart_module       |UART                    |    76|
|5     |    rx              |UARTReceiver            |    39|
|6     |    tx              |UARTTransmitter         |    18|
+------+--------------------+------------------------+------+
---------------------------------------------------------------------------------
Finished Writing Synthesis Report : Time (s): cpu = 00:00:05 ; elapsed = 00:00:17 . Memory (MB): peak = 737.875 ; gain = 498.523
---------------------------------------------------------------------------------
Synthesis finished with 0 errors, 0 critical warnings and 29 warnings.
Synthesis Optimization Runtime : Time (s): cpu = 00:00:03 ; elapsed = 00:00:13 . Memory (MB): peak = 737.875 ; gain = 172.582
Synthesis Optimization Complete : Time (s): cpu = 00:00:05 ; elapsed = 00:00:17 . Memory (MB): peak = 737.875 ; gain = 498.523
INFO: [Project 1-571] Translating synthesized netlist
INFO: [Netlist 29-17] Analyzing 7 Unisim elements for replacement
INFO: [Netlist 29-28] Unisim Transformation completed in 0 CPU seconds
INFO: [Project 1-570] Preparing netlist for logic optimization
INFO: [Opt 31-138] Pushed 0 inverter(s) to 0 load pin(s).
INFO: [Project 1-111] Unisim Transformation Summary:
No Unisim elements were transformed.

INFO: [Common 17-83] Releasing license: Synthesis
46 Infos, 50 Warnings, 0 Critical Warnings and 0 Errors encountered.
synth_design completed successfully
synth_design: Time (s): cpu = 00:00:05 ; elapsed = 00:00:20 . Memory (MB): peak = 739.516 ; gain = 509.785
INFO: [Common 17-1381] The checkpoint 'C:/Users/86153/Desktop/study/digital logic/proj/DL-kitchen/HDL_Framework/GenshinKitchen.runs/synth_1/DemoTop.dcp' has been generated.
INFO: [runtcl-4] Executing : report_utilization -file DemoTop_utilization_synth.rpt -pb DemoTop_utilization_synth.pb
report_utilization: Time (s): cpu = 00:00:00 ; elapsed = 00:00:00.011 . Memory (MB): peak = 739.516 ; gain = 0.000
INFO: [Common 17-206] Exiting Vivado at Mon Dec  4 17:44:26 2023...
